<?xml version="1.0" encoding="UTF-8"?>
<testng-results ignored="0" total="3" passed="3" failed="0" skipped="0">
  <reporter-output>
  </reporter-output>
  <suite started-at="2023-08-17T05:54:00 GMT" name="SampleSuite" finished-at="2023-08-17T05:54:14 GMT" duration-ms="14332">
    <groups>
    </groups>
    <test started-at="2023-08-17T05:54:00 GMT" name="ModuleOneTest" finished-at="2023-08-17T05:54:09 GMT" duration-ms="9357">
      <class name="testScripts.GooglePageTest">
        <test-method is-config="true" signature="setUp()[pri:0, instance:testScripts.GooglePageTest@428640fa]" started-at="2023-08-17T05:54:00 GMT" name="setUp" finished-at="2023-08-17T05:54:03 GMT" duration-ms="2828" status="PASS">
          <reporter-output>
          </reporter-output>
        </test-method> <!-- setUp -->
        <test-method signature="searchJavaTest()[pri:0, instance:testScripts.GooglePageTest@428640fa]" started-at="2023-08-17T05:54:03 GMT" name="searchJavaTest" finished-at="2023-08-17T05:54:08 GMT" duration-ms="4782" status="PASS">
          <reporter-output>
          </reporter-output>
        </test-method> <!-- searchJavaTest -->
        <test-method signature="searchSeleniumTest()[pri:0, instance:testScripts.GooglePageTest@428640fa]" started-at="2023-08-17T05:54:08 GMT" name="searchSeleniumTest" finished-at="2023-08-17T05:54:09 GMT" duration-ms="1552" status="PASS">
          <reporter-output>
          </reporter-output>
        </test-method> <!-- searchSeleniumTest -->
        <test-method is-config="true" signature="tearDown()[pri:0, instance:testScripts.GooglePageTest@428640fa]" started-at="2023-08-17T05:54:09 GMT" name="tearDown" finished-at="2023-08-17T05:54:09 GMT" duration-ms="125" status="PASS">
          <reporter-output>
          </reporter-output>
        </test-method> <!-- tearDown -->
      </class> <!-- testScripts.GooglePageTest -->
    </test> <!-- ModuleOneTest -->
    <test started-at="2023-08-17T05:54:09 GMT" name="ModuleTwoTest" finished-at="2023-08-17T05:54:14 GMT" duration-ms="4872">
      <class name="testScripts.SampleTest">
        <test-method signature="searchCypressTest()[pri:0, instance:testScripts.SampleTest@3646a422]" started-at="2023-08-17T05:54:09 GMT" name="searchCypressTest" finished-at="2023-08-17T05:54:14 GMT" duration-ms="4867" status="PASS">
          <reporter-output>
          </reporter-output>
        </test-method> <!-- searchCypressTest -->
      </class> <!-- testScripts.SampleTest -->
    </test> <!-- ModuleTwoTest -->
  </suite> <!-- SampleSuite -->
</testng-results>
